2026-02-18T08:51:02.063 INFO  [background-preinit] o.h.validator.internal.util.Version - HV000001: Hibernate Validator 8.0.3.Final
2026-02-18T08:51:02.370 INFO  [main] b.c.f.api.FrotaProApplication - Starting FrotaProApplication using Java 21.0.8 with PID 28260 (C:\Users\Arthenyo\Documents\PROJETOS\frota-pro-api\target\classes started by Arthenyo in C:\Users\Arthenyo\Documents\PROJETOS\frota-pro-api)
2026-02-18T08:51:02.373 INFO  [main] b.c.f.api.FrotaProApplication - The following 1 profile is active: "dev"
2026-02-18T08:51:07.730 INFO  [main] o.s.d.r.c.RepositoryConfigurationDelegate - Bootstrapping Spring Data JPA repositories in DEFAULT mode.
2026-02-18T08:51:08.134 INFO  [main] o.s.d.r.c.RepositoryConfigurationDelegate - Finished Spring Data repository scanning in 380 ms. Found 32 JPA repository interfaces.
2026-02-18T08:51:10.337 INFO  [main] o.s.b.w.e.tomcat.TomcatWebServer - Tomcat initialized with port 8080 (http)
2026-02-18T08:51:10.375 INFO  [main] o.a.coyote.http11.Http11NioProtocol - Initializing ProtocolHandler ["http-nio-8080"]
2026-02-18T08:51:10.383 INFO  [main] o.a.catalina.core.StandardService - Starting service [Tomcat]
2026-02-18T08:51:10.383 INFO  [main] o.a.catalina.core.StandardEngine - Starting Servlet engine: [Apache Tomcat/10.1.48]
2026-02-18T08:51:10.613 INFO  [main] o.a.c.c.C.[Tomcat].[localhost].[/] - Initializing Spring embedded WebApplicationContext
2026-02-18T08:51:10.614 INFO  [main] o.s.b.w.s.c.ServletWebServerApplicationContext - Root WebApplicationContext: initialization completed in 8038 ms
2026-02-18T08:51:11.627 INFO  [main] com.zaxxer.hikari.HikariDataSource - HikariPool-1 - Starting...
2026-02-18T08:51:12.100 INFO  [main] com.zaxxer.hikari.pool.HikariPool - HikariPool-1 - Added connection org.postgresql.jdbc.PgConnection@4cfe9594
2026-02-18T08:51:12.103 INFO  [main] com.zaxxer.hikari.HikariDataSource - HikariPool-1 - Start completed.
2026-02-18T08:51:12.166 INFO  [main] org.flywaydb.core.FlywayExecutor - Database: jdbc:postgresql://localhost:5432/frotapro (PostgreSQL 15.3)
2026-02-18T08:51:12.513 INFO  [main] o.f.core.internal.command.DbValidate - Successfully validated 35 migrations (execution time 00:00.153s)
2026-02-18T08:51:12.564 INFO  [main] o.f.core.internal.command.DbMigrate - Current version of schema "public": 35
2026-02-18T08:51:12.572 INFO  [main] o.f.core.internal.command.DbMigrate - Schema "public" is up to date. No migration necessary.
2026-02-18T08:51:12.826 INFO  [main] o.h.jpa.internal.util.LogHelper - HHH000204: Processing PersistenceUnitInfo [name: default]
2026-02-18T08:51:12.975 INFO  [main] org.hibernate.Version - HHH000412: Hibernate ORM core version 6.6.33.Final
2026-02-18T08:51:13.075 INFO  [main] o.h.c.i.RegionFactoryInitiator - HHH000026: Second-level cache disabled
2026-02-18T08:51:13.722 INFO  [main] o.s.o.j.p.SpringPersistenceUnitInfo - No LoadTimeWeaver setup: ignoring JPA class transformer
2026-02-18T08:51:13.959 INFO  [main] o.hibernate.orm.connections.pooling - HHH10001005: Database info:
	Database JDBC URL [Connecting through datasource 'HikariDataSource (HikariPool-1)']
	Database driver: undefined/unknown
	Database version: 15.3
	Autocommit mode: undefined/unknown
	Isolation level: undefined/unknown
	Minimum pool size: undefined/unknown
	Maximum pool size: undefined/unknown
2026-02-18T08:51:16.784 INFO  [main] o.h.e.t.j.p.i.JtaPlatformInitiator - HHH000489: No JTA platform available (set 'hibernate.transaction.jta.platform' to enable JTA platform integration)
2026-02-18T08:51:17.048 INFO  [main] o.s.o.j.LocalContainerEntityManagerFactoryBean - Initialized JPA EntityManagerFactory for persistence unit 'default'
2026-02-18T08:51:17.663 INFO  [main] o.s.d.j.r.query.QueryEnhancerFactory - Hibernate is in classpath; If applicable, HQL parser will be used.
2026-02-18T08:51:26.044 WARN  [main] o.s.b.a.o.j.JpaBaseConfiguration$JpaWebConfiguration - spring.jpa.open-in-view is enabled by default. Therefore, database queries may be performed during view rendering. Explicitly configure spring.jpa.open-in-view to disable this warning
2026-02-18T08:51:26.641 INFO  [main] o.s.b.a.e.web.EndpointLinksResolver - Exposing 4 endpoints beneath base path '/actuator'
2026-02-18T08:51:27.716 INFO  [main] o.a.coyote.http11.Http11NioProtocol - Starting ProtocolHandler ["http-nio-8080"]
2026-02-18T08:51:27.743 INFO  [main] o.s.b.w.e.tomcat.TomcatWebServer - Tomcat started on port 8080 (http) with context path '/'
2026-02-18T08:51:27.827 INFO  [main] o.a.k.c.consumer.ConsumerConfig - ConsumerConfig values: 
	allow.auto.create.topics = true
	auto.commit.interval.ms = 5000
	auto.include.jmx.reporter = true
	auto.offset.reset = latest
	bootstrap.servers = [localhost:9092]
	check.crcs = true
	client.dns.lookup = use_all_dns_ips
	client.id = consumer-frota-pro-api-v2-1
	client.rack = 
	connections.max.idle.ms = 540000
	default.api.timeout.ms = 60000
	enable.auto.commit = false
	enable.metrics.push = true
	exclude.internal.topics = true
	fetch.max.bytes = 52428800
	fetch.max.wait.ms = 500
	fetch.min.bytes = 1
	group.id = frota-pro-api-v2
	group.instance.id = null
	group.protocol = classic
	group.remote.assignor = null
	heartbeat.interval.ms = 3000
	interceptor.classes = []
	internal.leave.group.on.close = true
	internal.throw.on.fetch.stable.offset.unsupported = false
	isolation.level = read_uncommitted
	key.deserializer = class org.apache.kafka.common.serialization.StringDeserializer
	max.partition.fetch.bytes = 1048576
	max.poll.interval.ms = 300000
	max.poll.records = 500
	metadata.max.age.ms = 300000
	metadata.recovery.strategy = none
	metric.reporters = []
	metrics.num.samples = 2
	metrics.recording.level = INFO
	metrics.sample.window.ms = 30000
	partition.assignment.strategy = [class org.apache.kafka.clients.consumer.RangeAssignor, class org.apache.kafka.clients.consumer.CooperativeStickyAssignor]
	receive.buffer.bytes = 65536
	reconnect.backoff.max.ms = 1000
	reconnect.backoff.ms = 50
	request.timeout.ms = 30000
	retry.backoff.max.ms = 1000
	retry.backoff.ms = 100
	sasl.client.callback.handler.class = null
	sasl.jaas.config = null
	sasl.kerberos.kinit.cmd = /usr/bin/kinit
	sasl.kerberos.min.time.before.relogin = 60000
	sasl.kerberos.service.name = null
	sasl.kerberos.ticket.renew.jitter = 0.05
	sasl.kerberos.ticket.renew.window.factor = 0.8
	sasl.login.callback.handler.class = null
	sasl.login.class = null
	sasl.login.connect.timeout.ms = null
	sasl.login.read.timeout.ms = null
	sasl.login.refresh.buffer.seconds = 300
	sasl.login.refresh.min.period.seconds = 60
	sasl.login.refresh.window.factor = 0.8
	sasl.login.refresh.window.jitter = 0.05
	sasl.login.retry.backoff.max.ms = 10000
	sasl.login.retry.backoff.ms = 100
	sasl.mechanism = GSSAPI
	sasl.oauthbearer.clock.skew.seconds = 30
	sasl.oauthbearer.expected.audience = null
	sasl.oauthbearer.expected.issuer = null
	sasl.oauthbearer.header.urlencode = false
	sasl.oauthbearer.jwks.endpoint.refresh.ms = 3600000
	sasl.oauthbearer.jwks.endpoint.retry.backoff.max.ms = 10000
	sasl.oauthbearer.jwks.endpoint.retry.backoff.ms = 100
	sasl.oauthbearer.jwks.endpoint.url = null
	sasl.oauthbearer.scope.claim.name = scope
	sasl.oauthbearer.sub.claim.name = sub
	sasl.oauthbearer.token.endpoint.url = null
	security.protocol = PLAINTEXT
	security.providers = null
	send.buffer.bytes = 131072
	session.timeout.ms = 45000
	socket.connection.setup.timeout.max.ms = 30000
	socket.connection.setup.timeout.ms = 10000
	ssl.cipher.suites = null
	ssl.enabled.protocols = [TLSv1.2, TLSv1.3]
	ssl.endpoint.identification.algorithm = https
	ssl.engine.factory.class = null
	ssl.key.password = null
	ssl.keymanager.algorithm = SunX509
	ssl.keystore.certificate.chain = null
	ssl.keystore.key = null
	ssl.keystore.location = null
	ssl.keystore.password = null
	ssl.keystore.type = JKS
	ssl.protocol = TLSv1.3
	ssl.provider = null
	ssl.secure.random.implementation = null
	ssl.trustmanager.algorithm = PKIX
	ssl.truststore.certificates = null
	ssl.truststore.location = null
	ssl.truststore.password = null
	ssl.truststore.type = JKS
	value.deserializer = class org.springframework.kafka.support.serializer.JsonDeserializer

2026-02-18T08:51:27.927 INFO  [main] o.a.k.c.t.i.KafkaMetricsCollector - initializing Kafka metrics collector
2026-02-18T08:51:28.149 INFO  [main] o.a.kafka.common.utils.AppInfoParser - Kafka version: 3.9.1
2026-02-18T08:51:28.149 INFO  [main] o.a.kafka.common.utils.AppInfoParser - Kafka commitId: f745dfdcee2b9851
2026-02-18T08:51:28.149 INFO  [main] o.a.kafka.common.utils.AppInfoParser - Kafka startTimeMs: 1771415488146
2026-02-18T08:51:28.169 INFO  [main] o.a.k.c.c.i.ClassicKafkaConsumer - [Consumer clientId=consumer-frota-pro-api-v2-1, groupId=frota-pro-api-v2] Subscribed to topic(s): frotapro.motorista.sync.response
2026-02-18T08:51:28.182 INFO  [main] o.a.k.c.consumer.ConsumerConfig - ConsumerConfig values: 
	allow.auto.create.topics = true
	auto.commit.interval.ms = 5000
	auto.include.jmx.reporter = true
	auto.offset.reset = latest
	bootstrap.servers = [localhost:9092]
	check.crcs = true
	client.dns.lookup = use_all_dns_ips
	client.id = consumer-frota-pro-api-v2-2
	client.rack = 
	connections.max.idle.ms = 540000
	default.api.timeout.ms = 60000
	enable.auto.commit = false
	enable.metrics.push = true
	exclude.internal.topics = true
	fetch.max.bytes = 52428800
	fetch.max.wait.ms = 500
	fetch.min.bytes = 1
	group.id = frota-pro-api-v2
	group.instance.id = null
	group.protocol = classic
	group.remote.assignor = null
	heartbeat.interval.ms = 3000
	interceptor.classes = []
	internal.leave.group.on.close = true
	internal.throw.on.fetch.stable.offset.unsupported = false
	isolation.level = read_uncommitted
	key.deserializer = class org.apache.kafka.common.serialization.StringDeserializer
	max.partition.fetch.bytes = 1048576
	max.poll.interval.ms = 300000
	max.poll.records = 500
	metadata.max.age.ms = 300000
	metadata.recovery.strategy = none
	metric.reporters = []
	metrics.num.samples = 2
	metrics.recording.level = INFO
	metrics.sample.window.ms = 30000
	partition.assignment.strategy = [class org.apache.kafka.clients.consumer.RangeAssignor, class org.apache.kafka.clients.consumer.CooperativeStickyAssignor]
	receive.buffer.bytes = 65536
	reconnect.backoff.max.ms = 1000
	reconnect.backoff.ms = 50
	request.timeout.ms = 30000
	retry.backoff.max.ms = 1000
	retry.backoff.ms = 100
	sasl.client.callback.handler.class = null
	sasl.jaas.config = null
	sasl.kerberos.kinit.cmd = /usr/bin/kinit
	sasl.kerberos.min.time.before.relogin = 60000
	sasl.kerberos.service.name = null
	sasl.kerberos.ticket.renew.jitter = 0.05
	sasl.kerberos.ticket.renew.window.factor = 0.8
	sasl.login.callback.handler.class = null
	sasl.login.class = null
	sasl.login.connect.timeout.ms = null
	sasl.login.read.timeout.ms = null
	sasl.login.refresh.buffer.seconds = 300
	sasl.login.refresh.min.period.seconds = 60
	sasl.login.refresh.window.factor = 0.8
	sasl.login.refresh.window.jitter = 0.05
	sasl.login.retry.backoff.max.ms = 10000
	sasl.login.retry.backoff.ms = 100
	sasl.mechanism = GSSAPI
	sasl.oauthbearer.clock.skew.seconds = 30
	sasl.oauthbearer.expected.audience = null
	sasl.oauthbearer.expected.issuer = null
	sasl.oauthbearer.header.urlencode = false
	sasl.oauthbearer.jwks.endpoint.refresh.ms = 3600000
	sasl.oauthbearer.jwks.endpoint.retry.backoff.max.ms = 10000
	sasl.oauthbearer.jwks.endpoint.retry.backoff.ms = 100
	sasl.oauthbearer.jwks.endpoint.url = null
	sasl.oauthbearer.scope.claim.name = scope
	sasl.oauthbearer.sub.claim.name = sub
	sasl.oauthbearer.token.endpoint.url = null
	security.protocol = PLAINTEXT
	security.providers = null
	send.buffer.bytes = 131072
	session.timeout.ms = 45000
	socket.connection.setup.timeout.max.ms = 30000
	socket.connection.setup.timeout.ms = 10000
	ssl.cipher.suites = null
	ssl.enabled.protocols = [TLSv1.2, TLSv1.3]
	ssl.endpoint.identification.algorithm = https
	ssl.engine.factory.class = null
	ssl.key.password = null
	ssl.keymanager.algorithm = SunX509
	ssl.keystore.certificate.chain = null
	ssl.keystore.key = null
	ssl.keystore.location = null
	ssl.keystore.password = null
	ssl.keystore.type = JKS
	ssl.protocol = TLSv1.3
	ssl.provider = null
	ssl.secure.random.implementation = null
	ssl.trustmanager.algorithm = PKIX
	ssl.truststore.certificates = null
	ssl.truststore.location = null
	ssl.truststore.password = null
	ssl.truststore.type = JKS
	value.deserializer = class org.springframework.kafka.support.serializer.JsonDeserializer

2026-02-18T08:51:28.183 INFO  [main] o.a.k.c.t.i.KafkaMetricsCollector - initializing Kafka metrics collector
2026-02-18T08:51:28.203 INFO  [main] o.a.kafka.common.utils.AppInfoParser - Kafka version: 3.9.1
2026-02-18T08:51:28.203 INFO  [main] o.a.kafka.common.utils.AppInfoParser - Kafka commitId: f745dfdcee2b9851
2026-02-18T08:51:28.203 INFO  [main] o.a.kafka.common.utils.AppInfoParser - Kafka startTimeMs: 1771415488203
2026-02-18T08:51:28.213 INFO  [main] o.a.k.c.c.i.ClassicKafkaConsumer - [Consumer clientId=consumer-frota-pro-api-v2-2, groupId=frota-pro-api-v2] Subscribed to topic(s): frotapro.caminhao.sync.response
2026-02-18T08:51:28.217 INFO  [main] o.a.k.c.consumer.ConsumerConfig - ConsumerConfig values: 
	allow.auto.create.topics = true
	auto.commit.interval.ms = 5000
	auto.include.jmx.reporter = true
	auto.offset.reset = latest
	bootstrap.servers = [localhost:9092]
	check.crcs = true
	client.dns.lookup = use_all_dns_ips
	client.id = consumer-frota-pro-api-v2-3
	client.rack = 
	connections.max.idle.ms = 540000
	default.api.timeout.ms = 60000
	enable.auto.commit = false
	enable.metrics.push = true
	exclude.internal.topics = true
	fetch.max.bytes = 52428800
	fetch.max.wait.ms = 500
	fetch.min.bytes = 1
	group.id = frota-pro-api-v2
	group.instance.id = null
	group.protocol = classic
	group.remote.assignor = null
	heartbeat.interval.ms = 3000
	interceptor.classes = []
	internal.leave.group.on.close = true
	internal.throw.on.fetch.stable.offset.unsupported = false
	isolation.level = read_uncommitted
	key.deserializer = class org.apache.kafka.common.serialization.StringDeserializer
	max.partition.fetch.bytes = 1048576
	max.poll.interval.ms = 300000
	max.poll.records = 500
	metadata.max.age.ms = 300000
	metadata.recovery.strategy = none
	metric.reporters = []
	metrics.num.samples = 2
	metrics.recording.level = INFO
	metrics.sample.window.ms = 30000
	partition.assignment.strategy = [class org.apache.kafka.clients.consumer.RangeAssignor, class org.apache.kafka.clients.consumer.CooperativeStickyAssignor]
	receive.buffer.bytes = 65536
	reconnect.backoff.max.ms = 1000
	reconnect.backoff.ms = 50
	request.timeout.ms = 30000
	retry.backoff.max.ms = 1000
	retry.backoff.ms = 100
	sasl.client.callback.handler.class = null
	sasl.jaas.config = null
	sasl.kerberos.kinit.cmd = /usr/bin/kinit
	sasl.kerberos.min.time.before.relogin = 60000
	sasl.kerberos.service.name = null
	sasl.kerberos.ticket.renew.jitter = 0.05
	sasl.kerberos.ticket.renew.window.factor = 0.8
	sasl.login.callback.handler.class = null
	sasl.login.class = null
	sasl.login.connect.timeout.ms = null
	sasl.login.read.timeout.ms = null
	sasl.login.refresh.buffer.seconds = 300
	sasl.login.refresh.min.period.seconds = 60
	sasl.login.refresh.window.factor = 0.8
	sasl.login.refresh.window.jitter = 0.05
	sasl.login.retry.backoff.max.ms = 10000
	sasl.login.retry.backoff.ms = 100
	sasl.mechanism = GSSAPI
	sasl.oauthbearer.clock.skew.seconds = 30
	sasl.oauthbearer.expected.audience = null
	sasl.oauthbearer.expected.issuer = null
	sasl.oauthbearer.header.urlencode = false
	sasl.oauthbearer.jwks.endpoint.refresh.ms = 3600000
	sasl.oauthbearer.jwks.endpoint.retry.backoff.max.ms = 10000
	sasl.oauthbearer.jwks.endpoint.retry.backoff.ms = 100
	sasl.oauthbearer.jwks.endpoint.url = null
	sasl.oauthbearer.scope.claim.name = scope
	sasl.oauthbearer.sub.claim.name = sub
	sasl.oauthbearer.token.endpoint.url = null
	security.protocol = PLAINTEXT
	security.providers = null
	send.buffer.bytes = 131072
	session.timeout.ms = 45000
	socket.connection.setup.timeout.max.ms = 30000
	socket.connection.setup.timeout.ms = 10000
	ssl.cipher.suites = null
	ssl.enabled.protocols = [TLSv1.2, TLSv1.3]
	ssl.endpoint.identification.algorithm = https
	ssl.engine.factory.class = null
	ssl.key.password = null
	ssl.keymanager.algorithm = SunX509
	ssl.keystore.certificate.chain = null
	ssl.keystore.key = null
	ssl.keystore.location = null
	ssl.keystore.password = null
	ssl.keystore.type = JKS
	ssl.protocol = TLSv1.3
	ssl.provider = null
	ssl.secure.random.implementation = null
	ssl.trustmanager.algorithm = PKIX
	ssl.truststore.certificates = null
	ssl.truststore.location = null
	ssl.truststore.password = null
	ssl.truststore.type = JKS
	value.deserializer = class org.springframework.kafka.support.serializer.JsonDeserializer

2026-02-18T08:51:28.217 INFO  [main] o.a.k.c.t.i.KafkaMetricsCollector - initializing Kafka metrics collector
2026-02-18T08:51:28.255 INFO  [main] o.a.kafka.common.utils.AppInfoParser - Kafka version: 3.9.1
2026-02-18T08:51:28.255 INFO  [main] o.a.kafka.common.utils.AppInfoParser - Kafka commitId: f745dfdcee2b9851
2026-02-18T08:51:28.255 INFO  [main] o.a.kafka.common.utils.AppInfoParser - Kafka startTimeMs: 1771415488255
2026-02-18T08:51:28.262 INFO  [main] o.a.k.c.c.i.ClassicKafkaConsumer - [Consumer clientId=consumer-frota-pro-api-v2-3, groupId=frota-pro-api-v2] Subscribed to topic(s): frotapro.carga.sync.response
2026-02-18T08:51:28.295 INFO  [main] b.c.f.api.FrotaProApplication - Started FrotaProApplication in 29.004 seconds (process running for 31.419)
2026-02-18T08:51:28.982 INFO  [RMI TCP Connection(2)-50.189.120.2] o.a.c.c.C.[Tomcat].[localhost].[/] - Initializing Spring DispatcherServlet 'dispatcherServlet'
2026-02-18T08:51:28.982 INFO  [RMI TCP Connection(2)-50.189.120.2] o.s.web.servlet.DispatcherServlet - Initializing Servlet 'dispatcherServlet'
2026-02-18T08:51:28.989 INFO  [RMI TCP Connection(2)-50.189.120.2] o.s.web.servlet.DispatcherServlet - Completed initialization in 7 ms
2026-02-18T08:51:29.614 INFO  [org.springframework.kafka.KafkaListenerEndpointContainer#1-0-C-1] org.apache.kafka.clients.Metadata - [Consumer clientId=consumer-frota-pro-api-v2-3, groupId=frota-pro-api-v2] Cluster ID: ZqbpC6XiSASmVMALn-jFHw
2026-02-18T08:51:29.614 INFO  [org.springframework.kafka.KafkaListenerEndpointContainer#2-0-C-1] org.apache.kafka.clients.Metadata - [Consumer clientId=consumer-frota-pro-api-v2-1, groupId=frota-pro-api-v2] Cluster ID: ZqbpC6XiSASmVMALn-jFHw
2026-02-18T08:51:29.615 INFO  [org.springframework.kafka.KafkaListenerEndpointContainer#0-0-C-1] org.apache.kafka.clients.Metadata - [Consumer clientId=consumer-frota-pro-api-v2-2, groupId=frota-pro-api-v2] Cluster ID: ZqbpC6XiSASmVMALn-jFHw
2026-02-18T08:51:29.615 INFO  [org.springframework.kafka.KafkaListenerEndpointContainer#0-0-C-1] o.a.k.c.c.i.ConsumerCoordinator - [Consumer clientId=consumer-frota-pro-api-v2-2, groupId=frota-pro-api-v2] Discovered group coordinator localhost:9092 (id: 2147483646 rack: null)
2026-02-18T08:51:29.615 INFO  [org.springframework.kafka.KafkaListenerEndpointContainer#2-0-C-1] o.a.k.c.c.i.ConsumerCoordinator - [Consumer clientId=consumer-frota-pro-api-v2-1, groupId=frota-pro-api-v2] Discovered group coordinator localhost:9092 (id: 2147483646 rack: null)
2026-02-18T08:51:29.616 INFO  [org.springframework.kafka.KafkaListenerEndpointContainer#1-0-C-1] o.a.k.c.c.i.ConsumerCoordinator - [Consumer clientId=consumer-frota-pro-api-v2-3, groupId=frota-pro-api-v2] Discovered group coordinator localhost:9092 (id: 2147483646 rack: null)
2026-02-18T08:51:29.621 INFO  [org.springframework.kafka.KafkaListenerEndpointContainer#2-0-C-1] o.a.k.c.c.i.ConsumerCoordinator - [Consumer clientId=consumer-frota-pro-api-v2-1, groupId=frota-pro-api-v2] (Re-)joining group
2026-02-18T08:51:29.621 INFO  [org.springframework.kafka.KafkaListenerEndpointContainer#1-0-C-1] o.a.k.c.c.i.ConsumerCoordinator - [Consumer clientId=consumer-frota-pro-api-v2-3, groupId=frota-pro-api-v2] (Re-)joining group
2026-02-18T08:51:29.621 INFO  [org.springframework.kafka.KafkaListenerEndpointContainer#0-0-C-1] o.a.k.c.c.i.ConsumerCoordinator - [Consumer clientId=consumer-frota-pro-api-v2-2, groupId=frota-pro-api-v2] (Re-)joining group
2026-02-18T08:51:29.699 INFO  [org.springframework.kafka.KafkaListenerEndpointContainer#2-0-C-1] o.a.k.c.c.i.ConsumerCoordinator - [Consumer clientId=consumer-frota-pro-api-v2-1, groupId=frota-pro-api-v2] Request joining group due to: need to re-join with the given member-id: consumer-frota-pro-api-v2-1-4d10731a-ec3c-40a1-9bd9-f4ddcc3b0670
2026-02-18T08:51:29.699 INFO  [org.springframework.kafka.KafkaListenerEndpointContainer#0-0-C-1] o.a.k.c.c.i.ConsumerCoordinator - [Consumer clientId=consumer-frota-pro-api-v2-2, groupId=frota-pro-api-v2] Request joining group due to: need to re-join with the given member-id: consumer-frota-pro-api-v2-2-daafcc58-1d1c-4dba-819e-98fe0bd4bed4
2026-02-18T08:51:29.699 INFO  [org.springframework.kafka.KafkaListenerEndpointContainer#1-0-C-1] o.a.k.c.c.i.ConsumerCoordinator - [Consumer clientId=consumer-frota-pro-api-v2-3, groupId=frota-pro-api-v2] Request joining group due to: need to re-join with the given member-id: consumer-frota-pro-api-v2-3-f69ea253-1d46-47c4-b7e5-53df6e5f4526
2026-02-18T08:51:29.700 INFO  [org.springframework.kafka.KafkaListenerEndpointContainer#1-0-C-1] o.a.k.c.c.i.ConsumerCoordinator - [Consumer clientId=consumer-frota-pro-api-v2-3, groupId=frota-pro-api-v2] (Re-)joining group
2026-02-18T08:51:29.700 INFO  [org.springframework.kafka.KafkaListenerEndpointContainer#0-0-C-1] o.a.k.c.c.i.ConsumerCoordinator - [Consumer clientId=consumer-frota-pro-api-v2-2, groupId=frota-pro-api-v2] (Re-)joining group
2026-02-18T08:51:29.700 INFO  [org.springframework.kafka.KafkaListenerEndpointContainer#2-0-C-1] o.a.k.c.c.i.ConsumerCoordinator - [Consumer clientId=consumer-frota-pro-api-v2-1, groupId=frota-pro-api-v2] (Re-)joining group
2026-02-18T08:51:32.735 INFO  [org.springframework.kafka.KafkaListenerEndpointContainer#0-0-C-1] o.a.k.c.c.i.ConsumerCoordinator - [Consumer clientId=consumer-frota-pro-api-v2-2, groupId=frota-pro-api-v2] Successfully joined group with generation Generation{generationId=154, memberId='consumer-frota-pro-api-v2-2-daafcc58-1d1c-4dba-819e-98fe0bd4bed4', protocol='range'}
2026-02-18T08:51:32.741 INFO  [org.springframework.kafka.KafkaListenerEndpointContainer#1-0-C-1] o.a.k.c.c.i.ConsumerCoordinator - [Consumer clientId=consumer-frota-pro-api-v2-3, groupId=frota-pro-api-v2] Successfully joined group with generation Generation{generationId=154, memberId='consumer-frota-pro-api-v2-3-f69ea253-1d46-47c4-b7e5-53df6e5f4526', protocol='range'}
2026-02-18T08:51:32.745 INFO  [org.springframework.kafka.KafkaListenerEndpointContainer#2-0-C-1] o.a.k.c.c.i.ConsumerCoordinator - [Consumer clientId=consumer-frota-pro-api-v2-1, groupId=frota-pro-api-v2] Successfully joined group with generation Generation{generationId=154, memberId='consumer-frota-pro-api-v2-1-4d10731a-ec3c-40a1-9bd9-f4ddcc3b0670', protocol='range'}
2026-02-18T08:51:32.773 INFO  [org.springframework.kafka.KafkaListenerEndpointContainer#1-0-C-1] o.a.k.c.c.i.ConsumerCoordinator - [Consumer clientId=consumer-frota-pro-api-v2-3, groupId=frota-pro-api-v2] Finished assignment for group at generation 154: {consumer-frota-pro-api-v2-2-daafcc58-1d1c-4dba-819e-98fe0bd4bed4=Assignment(partitions=[frotapro.caminhao.sync.response-0]), consumer-frota-pro-api-v2-3-f69ea253-1d46-47c4-b7e5-53df6e5f4526=Assignment(partitions=[frotapro.carga.sync.response-0]), consumer-frota-pro-api-v2-1-4d10731a-ec3c-40a1-9bd9-f4ddcc3b0670=Assignment(partitions=[frotapro.motorista.sync.response-0])}
2026-02-18T08:51:32.965 INFO  [org.springframework.kafka.KafkaListenerEndpointContainer#0-0-C-1] o.a.k.c.c.i.ConsumerCoordinator - [Consumer clientId=consumer-frota-pro-api-v2-2, groupId=frota-pro-api-v2] Successfully synced group in generation Generation{generationId=154, memberId='consumer-frota-pro-api-v2-2-daafcc58-1d1c-4dba-819e-98fe0bd4bed4', protocol='range'}
2026-02-18T08:51:32.967 INFO  [org.springframework.kafka.KafkaListenerEndpointContainer#0-0-C-1] o.a.k.c.c.i.ConsumerCoordinator - [Consumer clientId=consumer-frota-pro-api-v2-2, groupId=frota-pro-api-v2] Notifying assignor about the new Assignment(partitions=[frotapro.caminhao.sync.response-0])
2026-02-18T08:51:32.969 INFO  [org.springframework.kafka.KafkaListenerEndpointContainer#2-0-C-1] o.a.k.c.c.i.ConsumerCoordinator - [Consumer clientId=consumer-frota-pro-api-v2-1, groupId=frota-pro-api-v2] Successfully synced group in generation Generation{generationId=154, memberId='consumer-frota-pro-api-v2-1-4d10731a-ec3c-40a1-9bd9-f4ddcc3b0670', protocol='range'}
2026-02-18T08:51:32.970 INFO  [org.springframework.kafka.KafkaListenerEndpointContainer#1-0-C-1] o.a.k.c.c.i.ConsumerCoordinator - [Consumer clientId=consumer-frota-pro-api-v2-3, groupId=frota-pro-api-v2] Successfully synced group in generation Generation{generationId=154, memberId='consumer-frota-pro-api-v2-3-f69ea253-1d46-47c4-b7e5-53df6e5f4526', protocol='range'}
2026-02-18T08:51:32.970 INFO  [org.springframework.kafka.KafkaListenerEndpointContainer#2-0-C-1] o.a.k.c.c.i.ConsumerCoordinator - [Consumer clientId=consumer-frota-pro-api-v2-1, groupId=frota-pro-api-v2] Notifying assignor about the new Assignment(partitions=[frotapro.motorista.sync.response-0])
2026-02-18T08:51:32.970 INFO  [org.springframework.kafka.KafkaListenerEndpointContainer#1-0-C-1] o.a.k.c.c.i.ConsumerCoordinator - [Consumer clientId=consumer-frota-pro-api-v2-3, groupId=frota-pro-api-v2] Notifying assignor about the new Assignment(partitions=[frotapro.carga.sync.response-0])
2026-02-18T08:51:32.975 INFO  [org.springframework.kafka.KafkaListenerEndpointContainer#0-0-C-1] o.a.k.c.c.i.ConsumerRebalanceListenerInvoker - [Consumer clientId=consumer-frota-pro-api-v2-2, groupId=frota-pro-api-v2] Adding newly assigned partitions: frotapro.caminhao.sync.response-0
2026-02-18T08:51:32.975 INFO  [org.springframework.kafka.KafkaListenerEndpointContainer#2-0-C-1] o.a.k.c.c.i.ConsumerRebalanceListenerInvoker - [Consumer clientId=consumer-frota-pro-api-v2-1, groupId=frota-pro-api-v2] Adding newly assigned partitions: frotapro.motorista.sync.response-0
2026-02-18T08:51:32.975 INFO  [org.springframework.kafka.KafkaListenerEndpointContainer#1-0-C-1] o.a.k.c.c.i.ConsumerRebalanceListenerInvoker - [Consumer clientId=consumer-frota-pro-api-v2-3, groupId=frota-pro-api-v2] Adding newly assigned partitions: frotapro.carga.sync.response-0
2026-02-18T08:51:33.042 INFO  [org.springframework.kafka.KafkaListenerEndpointContainer#1-0-C-1] o.a.k.c.c.internals.ConsumerUtils - Setting offset for partition frotapro.carga.sync.response-0 to the committed offset FetchPosition{offset=16, offsetEpoch=Optional.empty, currentLeader=LeaderAndEpoch{leader=Optional[localhost:9092 (id: 1 rack: null)], epoch=0}}
2026-02-18T08:51:33.042 INFO  [org.springframework.kafka.KafkaListenerEndpointContainer#2-0-C-1] o.a.k.c.c.internals.ConsumerUtils - Setting offset for partition frotapro.motorista.sync.response-0 to the committed offset FetchPosition{offset=7, offsetEpoch=Optional.empty, currentLeader=LeaderAndEpoch{leader=Optional[localhost:9092 (id: 1 rack: null)], epoch=0}}
2026-02-18T08:51:33.042 INFO  [org.springframework.kafka.KafkaListenerEndpointContainer#0-0-C-1] o.a.k.c.c.internals.ConsumerUtils - Setting offset for partition frotapro.caminhao.sync.response-0 to the committed offset FetchPosition{offset=6, offsetEpoch=Optional.empty, currentLeader=LeaderAndEpoch{leader=Optional[localhost:9092 (id: 1 rack: null)], epoch=0}}
2026-02-18T08:51:33.047 INFO  [org.springframework.kafka.KafkaListenerEndpointContainer#1-0-C-1] o.s.k.l.KafkaMessageListenerContainer - frota-pro-api-v2: partitions assigned: [frotapro.carga.sync.response-0]
2026-02-18T08:51:33.047 INFO  [org.springframework.kafka.KafkaListenerEndpointContainer#0-0-C-1] o.s.k.l.KafkaMessageListenerContainer - frota-pro-api-v2: partitions assigned: [frotapro.caminhao.sync.response-0]
2026-02-18T08:51:33.047 INFO  [org.springframework.kafka.KafkaListenerEndpointContainer#2-0-C-1] o.s.k.l.KafkaMessageListenerContainer - frota-pro-api-v2: partitions assigned: [frotapro.motorista.sync.response-0]
2026-02-18T08:53:03.985 WARN  [http-nio-8080-exec-1] o.s.d.w.c.SpringDataJacksonConfiguration$PageModule$WarningLoggingModifier - Serializing PageImpl instances as-is is not supported, meaning that there is no guarantee about the stability of the resulting JSON structure!
	For a stable JSON structure, please use Spring Data's PagedModel (globally via @EnableSpringDataWebSupport(pageSerializationMode = VIA_DTO))
	or Spring HATEOAS and Spring Data's PagedResourcesAssembler as documented in https://docs.spring.io/spring-data/commons/reference/repositories/core-extensions.html#core.web.pageables.

2026-02-18T10:00:02.924 INFO  [scheduling-1] b.c.f.api.scheduler.CargaScheduled - Sincronização automática de cargas DESATIVADA. ativo=false syncCargas=false
2026-02-18T10:27:57.874 INFO  [org.springframework.kafka.KafkaListenerEndpointContainer#0-0-C-1] o.a.k.c.c.i.ConsumerRebalanceListenerInvoker - [Consumer clientId=consumer-frota-pro-api-v2-2, groupId=frota-pro-api-v2] Revoke previously assigned partitions frotapro.caminhao.sync.response-0
2026-02-18T10:27:57.874 INFO  [org.springframework.kafka.KafkaListenerEndpointContainer#1-0-C-1] o.a.k.c.c.i.ConsumerRebalanceListenerInvoker - [Consumer clientId=consumer-frota-pro-api-v2-3, groupId=frota-pro-api-v2] Revoke previously assigned partitions frotapro.carga.sync.response-0
2026-02-18T10:27:57.876 INFO  [org.springframework.kafka.KafkaListenerEndpointContainer#2-0-C-1] o.a.k.c.c.i.ConsumerRebalanceListenerInvoker - [Consumer clientId=consumer-frota-pro-api-v2-1, groupId=frota-pro-api-v2] Revoke previously assigned partitions frotapro.motorista.sync.response-0
2026-02-18T10:27:57.882 INFO  [org.springframework.kafka.KafkaListenerEndpointContainer#0-0-C-1] o.s.k.l.KafkaMessageListenerContainer - frota-pro-api-v2: partitions revoked: [frotapro.caminhao.sync.response-0]
2026-02-18T10:27:57.882 INFO  [org.springframework.kafka.KafkaListenerEndpointContainer#1-0-C-1] o.s.k.l.KafkaMessageListenerContainer - frota-pro-api-v2: partitions revoked: [frotapro.carga.sync.response-0]
2026-02-18T10:27:57.882 INFO  [org.springframework.kafka.KafkaListenerEndpointContainer#2-0-C-1] o.s.k.l.KafkaMessageListenerContainer - frota-pro-api-v2: partitions revoked: [frotapro.motorista.sync.response-0]
2026-02-18T10:27:57.885 INFO  [org.springframework.kafka.KafkaListenerEndpointContainer#0-0-C-1] o.a.k.c.c.i.ConsumerCoordinator - [Consumer clientId=consumer-frota-pro-api-v2-2, groupId=frota-pro-api-v2] Member consumer-frota-pro-api-v2-2-daafcc58-1d1c-4dba-819e-98fe0bd4bed4 sending LeaveGroup request to coordinator localhost:9092 (id: 2147483646 rack: null) due to the consumer unsubscribed from all topics
2026-02-18T10:27:57.885 INFO  [org.springframework.kafka.KafkaListenerEndpointContainer#1-0-C-1] o.a.k.c.c.i.ConsumerCoordinator - [Consumer clientId=consumer-frota-pro-api-v2-3, groupId=frota-pro-api-v2] Member consumer-frota-pro-api-v2-3-f69ea253-1d46-47c4-b7e5-53df6e5f4526 sending LeaveGroup request to coordinator localhost:9092 (id: 2147483646 rack: null) due to the consumer unsubscribed from all topics
2026-02-18T10:27:57.887 INFO  [org.springframework.kafka.KafkaListenerEndpointContainer#2-0-C-1] o.a.k.c.c.i.ConsumerCoordinator - [Consumer clientId=consumer-frota-pro-api-v2-1, groupId=frota-pro-api-v2] Member consumer-frota-pro-api-v2-1-4d10731a-ec3c-40a1-9bd9-f4ddcc3b0670 sending LeaveGroup request to coordinator localhost:9092 (id: 2147483646 rack: null) due to the consumer unsubscribed from all topics
2026-02-18T10:27:57.889 INFO  [org.springframework.kafka.KafkaListenerEndpointContainer#2-0-C-1] o.a.k.c.c.i.ConsumerCoordinator - [Consumer clientId=consumer-frota-pro-api-v2-1, groupId=frota-pro-api-v2] Resetting generation and member id due to: consumer pro-actively leaving the group
2026-02-18T10:27:57.889 INFO  [org.springframework.kafka.KafkaListenerEndpointContainer#0-0-C-1] o.a.k.c.c.i.ConsumerCoordinator - [Consumer clientId=consumer-frota-pro-api-v2-2, groupId=frota-pro-api-v2] Resetting generation and member id due to: consumer pro-actively leaving the group
2026-02-18T10:27:57.889 INFO  [org.springframework.kafka.KafkaListenerEndpointContainer#2-0-C-1] o.a.k.c.c.i.ConsumerCoordinator - [Consumer clientId=consumer-frota-pro-api-v2-1, groupId=frota-pro-api-v2] Request joining group due to: consumer pro-actively leaving the group
2026-02-18T10:27:57.889 INFO  [org.springframework.kafka.KafkaListenerEndpointContainer#0-0-C-1] o.a.k.c.c.i.ConsumerCoordinator - [Consumer clientId=consumer-frota-pro-api-v2-2, groupId=frota-pro-api-v2] Request joining group due to: consumer pro-actively leaving the group
2026-02-18T10:27:57.889 INFO  [org.springframework.kafka.KafkaListenerEndpointContainer#2-0-C-1] o.a.k.c.c.i.ClassicKafkaConsumer - [Consumer clientId=consumer-frota-pro-api-v2-1, groupId=frota-pro-api-v2] Unsubscribed all topics or patterns and assigned partitions
2026-02-18T10:27:57.889 INFO  [org.springframework.kafka.KafkaListenerEndpointContainer#0-0-C-1] o.a.k.c.c.i.ClassicKafkaConsumer - [Consumer clientId=consumer-frota-pro-api-v2-2, groupId=frota-pro-api-v2] Unsubscribed all topics or patterns and assigned partitions
2026-02-18T10:27:57.889 INFO  [org.springframework.kafka.KafkaListenerEndpointContainer#1-0-C-1] o.a.k.c.c.i.ConsumerCoordinator - [Consumer clientId=consumer-frota-pro-api-v2-3, groupId=frota-pro-api-v2] Resetting generation and member id due to: consumer pro-actively leaving the group
2026-02-18T10:27:57.890 INFO  [org.springframework.kafka.KafkaListenerEndpointContainer#1-0-C-1] o.a.k.c.c.i.ConsumerCoordinator - [Consumer clientId=consumer-frota-pro-api-v2-3, groupId=frota-pro-api-v2] Request joining group due to: consumer pro-actively leaving the group
2026-02-18T10:27:57.891 INFO  [org.springframework.kafka.KafkaListenerEndpointContainer#1-0-C-1] o.a.k.c.c.i.ClassicKafkaConsumer - [Consumer clientId=consumer-frota-pro-api-v2-3, groupId=frota-pro-api-v2] Unsubscribed all topics or patterns and assigned partitions
2026-02-18T10:27:57.906 INFO  [org.springframework.kafka.KafkaListenerEndpointContainer#0-0-C-1] o.a.k.c.c.i.ConsumerCoordinator - [Consumer clientId=consumer-frota-pro-api-v2-2, groupId=frota-pro-api-v2] Resetting generation and member id due to: consumer pro-actively leaving the group
2026-02-18T10:27:57.906 INFO  [org.springframework.kafka.KafkaListenerEndpointContainer#1-0-C-1] o.a.k.c.c.i.ConsumerCoordinator - [Consumer clientId=consumer-frota-pro-api-v2-3, groupId=frota-pro-api-v2] Resetting generation and member id due to: consumer pro-actively leaving the group
2026-02-18T10:27:57.906 INFO  [org.springframework.kafka.KafkaListenerEndpointContainer#2-0-C-1] o.a.k.c.c.i.ConsumerCoordinator - [Consumer clientId=consumer-frota-pro-api-v2-1, groupId=frota-pro-api-v2] Resetting generation and member id due to: consumer pro-actively leaving the group
2026-02-18T10:27:57.906 INFO  [org.springframework.kafka.KafkaListenerEndpointContainer#0-0-C-1] o.a.k.c.c.i.ConsumerCoordinator - [Consumer clientId=consumer-frota-pro-api-v2-2, groupId=frota-pro-api-v2] Request joining group due to: consumer pro-actively leaving the group
2026-02-18T10:27:57.906 INFO  [org.springframework.kafka.KafkaListenerEndpointContainer#1-0-C-1] o.a.k.c.c.i.ConsumerCoordinator - [Consumer clientId=consumer-frota-pro-api-v2-3, groupId=frota-pro-api-v2] Request joining group due to: consumer pro-actively leaving the group
2026-02-18T10:27:57.906 INFO  [org.springframework.kafka.KafkaListenerEndpointContainer#2-0-C-1] o.a.k.c.c.i.ConsumerCoordinator - [Consumer clientId=consumer-frota-pro-api-v2-1, groupId=frota-pro-api-v2] Request joining group due to: consumer pro-actively leaving the group
2026-02-18T10:27:58.287 INFO  [org.springframework.kafka.KafkaListenerEndpointContainer#0-0-C-1] o.a.kafka.common.metrics.Metrics - Metrics scheduler closed
2026-02-18T10:27:58.288 INFO  [org.springframework.kafka.KafkaListenerEndpointContainer#0-0-C-1] o.a.kafka.common.metrics.Metrics - Closing reporter org.apache.kafka.common.metrics.JmxReporter
2026-02-18T10:27:58.288 INFO  [org.springframework.kafka.KafkaListenerEndpointContainer#1-0-C-1] o.a.kafka.common.metrics.Metrics - Metrics scheduler closed
2026-02-18T10:27:58.288 INFO  [org.springframework.kafka.KafkaListenerEndpointContainer#1-0-C-1] o.a.kafka.common.metrics.Metrics - Closing reporter org.apache.kafka.common.metrics.JmxReporter
2026-02-18T10:27:58.288 INFO  [org.springframework.kafka.KafkaListenerEndpointContainer#0-0-C-1] o.a.kafka.common.metrics.Metrics - Closing reporter org.apache.kafka.common.telemetry.internals.ClientTelemetryReporter
2026-02-18T10:27:58.288 INFO  [org.springframework.kafka.KafkaListenerEndpointContainer#0-0-C-1] o.a.kafka.common.metrics.Metrics - Metrics reporters closed
2026-02-18T10:27:58.289 INFO  [org.springframework.kafka.KafkaListenerEndpointContainer#1-0-C-1] o.a.kafka.common.metrics.Metrics - Closing reporter org.apache.kafka.common.telemetry.internals.ClientTelemetryReporter
2026-02-18T10:27:58.289 INFO  [org.springframework.kafka.KafkaListenerEndpointContainer#1-0-C-1] o.a.kafka.common.metrics.Metrics - Metrics reporters closed
2026-02-18T10:27:58.289 INFO  [org.springframework.kafka.KafkaListenerEndpointContainer#2-0-C-1] o.a.kafka.common.metrics.Metrics - Metrics scheduler closed
2026-02-18T10:27:58.289 INFO  [org.springframework.kafka.KafkaListenerEndpointContainer#2-0-C-1] o.a.kafka.common.metrics.Metrics - Closing reporter org.apache.kafka.common.metrics.JmxReporter
2026-02-18T10:27:58.290 INFO  [org.springframework.kafka.KafkaListenerEndpointContainer#2-0-C-1] o.a.kafka.common.metrics.Metrics - Closing reporter org.apache.kafka.common.telemetry.internals.ClientTelemetryReporter
2026-02-18T10:27:58.290 INFO  [org.springframework.kafka.KafkaListenerEndpointContainer#2-0-C-1] o.a.kafka.common.metrics.Metrics - Metrics reporters closed
2026-02-18T10:27:58.322 INFO  [org.springframework.kafka.KafkaListenerEndpointContainer#1-0-C-1] o.a.kafka.common.utils.AppInfoParser - App info kafka.consumer for consumer-frota-pro-api-v2-3 unregistered
2026-02-18T10:27:58.324 INFO  [org.springframework.kafka.KafkaListenerEndpointContainer#0-0-C-1] o.a.kafka.common.utils.AppInfoParser - App info kafka.consumer for consumer-frota-pro-api-v2-2 unregistered
2026-02-18T10:27:58.325 INFO  [org.springframework.kafka.KafkaListenerEndpointContainer#1-0-C-1] o.s.k.l.KafkaMessageListenerContainer - frota-pro-api-v2: Consumer stopped
2026-02-18T10:27:58.327 INFO  [org.springframework.kafka.KafkaListenerEndpointContainer#0-0-C-1] o.s.k.l.KafkaMessageListenerContainer - frota-pro-api-v2: Consumer stopped
2026-02-18T10:27:58.328 INFO  [org.springframework.kafka.KafkaListenerEndpointContainer#2-0-C-1] o.a.kafka.common.utils.AppInfoParser - App info kafka.consumer for consumer-frota-pro-api-v2-1 unregistered
2026-02-18T10:27:58.332 INFO  [org.springframework.kafka.KafkaListenerEndpointContainer#2-0-C-1] o.s.k.l.KafkaMessageListenerContainer - frota-pro-api-v2: Consumer stopped
2026-02-18T10:27:58.343 INFO  [SpringApplicationShutdownHook] o.s.b.w.e.tomcat.GracefulShutdown - Commencing graceful shutdown. Waiting for active requests to complete
2026-02-18T10:27:58.381 INFO  [tomcat-shutdown] o.s.b.w.e.tomcat.GracefulShutdown - Graceful shutdown complete
2026-02-18T10:27:58.451 INFO  [SpringApplicationShutdownHook] o.s.o.j.LocalContainerEntityManagerFactoryBean - Closing JPA EntityManagerFactory for persistence unit 'default'
2026-02-18T10:27:58.461 INFO  [SpringApplicationShutdownHook] com.zaxxer.hikari.HikariDataSource - HikariPool-1 - Shutdown initiated...
2026-02-18T10:27:58.495 INFO  [SpringApplicationShutdownHook] com.zaxxer.hikari.HikariDataSource - HikariPool-1 - Shutdown completed.
